Analysis & Synthesis report for DIANZHEN
Wed Nov 23 19:03:01 2016
Quartus II Version 9.0 Build 235 06/17/2009 Service Pack 2 SJ Full Version


---------------------
; Table of Contents ;
---------------------
  1. Legal Notice
  2. Analysis & Synthesis Summary
  3. Analysis & Synthesis Settings
  4. Analysis & Synthesis Source Files Read
  5. Analysis & Synthesis Resource Usage Summary
  6. Analysis & Synthesis Resource Utilization by Entity
  7. Analysis & Synthesis RAM Summary
  8. Registers Removed During Synthesis
  9. General Register Statistics
 10. Multiplexer Restructuring Statistics (Restructuring Performed)
 11. Source assignments for dot_buffer:inst|dot_ram:inst|altsyncram:altsyncram_component|altsyncram_01n1:auto_generated
 12. Parameter Settings for User Entity Instance: dot_buffer:inst|dot_ram:inst|altsyncram:altsyncram_component
 13. altsyncram Parameter Settings by Entity Instance
 14. Analysis & Synthesis Messages



----------------
; Legal Notice ;
----------------
Copyright (C) 1991-2009 Altera Corporation
Your use of Altera Corporation's design tools, logic functions 
and other software and tools, and its AMPP partner logic 
functions, and any output files from any of the foregoing 
(including device programming or simulation files), and any 
associated documentation or information are expressly subject 
to the terms and conditions of the Altera Program License 
Subscription Agreement, Altera MegaCore Function License 
Agreement, or other applicable license agreement, including, 
without limitation, that your use is for the sole purpose of 
programming logic devices manufactured by Altera and sold by 
Altera or its authorized distributors.  Please refer to the 
applicable agreement for further details.



+------------------------------------------------------------------------------------+
; Analysis & Synthesis Summary                                                       ;
+------------------------------------+-----------------------------------------------+
; Analysis & Synthesis Status        ; Successful - Wed Nov 23 19:03:01 2016         ;
; Quartus II Version                 ; 9.0 Build 235 06/17/2009 SP 2 SJ Full Version ;
; Revision Name                      ; DIANZHEN                                      ;
; Top-level Entity Name              ; DIANZHENDRIVER                                ;
; Family                             ; Cyclone III                                   ;
; Total logic elements               ; 171                                           ;
;     Total combinational functions  ; 167                                           ;
;     Dedicated logic registers      ; 37                                            ;
; Total registers                    ; 37                                            ;
; Total pins                         ; 26                                            ;
; Total virtual pins                 ; 0                                             ;
; Total memory bits                  ; 256                                           ;
; Embedded Multiplier 9-bit elements ; 0                                             ;
; Total PLLs                         ; 0                                             ;
+------------------------------------+-----------------------------------------------+


+--------------------------------------------------------------------------------------------------------+
; Analysis & Synthesis Settings                                                                          ;
+--------------------------------------------------------------+--------------------+--------------------+
; Option                                                       ; Setting            ; Default Value      ;
+--------------------------------------------------------------+--------------------+--------------------+
; Device                                                       ; EP3C25F324C8       ;                    ;
; Top-level entity name                                        ; DIANZHENDRIVER     ; DIANZHEN           ;
; Family name                                                  ; Cyclone III        ; Stratix II         ;
; Use Generated Physical Constraints File                      ; Off                ;                    ;
; Use smart compilation                                        ; Off                ; Off                ;
; Restructure Multiplexers                                     ; Auto               ; Auto               ;
; Create Debugging Nodes for IP Cores                          ; Off                ; Off                ;
; Preserve fewer node names                                    ; On                 ; On                 ;
; Disable OpenCore Plus hardware evaluation                    ; Off                ; Off                ;
; Verilog Version                                              ; Verilog_2001       ; Verilog_2001       ;
; VHDL Version                                                 ; VHDL93             ; VHDL93             ;
; State Machine Processing                                     ; Auto               ; Auto               ;
; Safe State Machine                                           ; Off                ; Off                ;
; Extract Verilog State Machines                               ; On                 ; On                 ;
; Extract VHDL State Machines                                  ; On                 ; On                 ;
; Ignore Verilog initial constructs                            ; Off                ; Off                ;
; Iteration limit for constant Verilog loops                   ; 5000               ; 5000               ;
; Iteration limit for non-constant Verilog loops               ; 250                ; 250                ;
; Add Pass-Through Logic to Inferred RAMs                      ; On                 ; On                 ;
; Parallel Synthesis                                           ; Off                ; Off                ;
; DSP Block Balancing                                          ; Auto               ; Auto               ;
; NOT Gate Push-Back                                           ; On                 ; On                 ;
; Power-Up Don't Care                                          ; On                 ; On                 ;
; Remove Redundant Logic Cells                                 ; Off                ; Off                ;
; Remove Duplicate Registers                                   ; On                 ; On                 ;
; Ignore CARRY Buffers                                         ; Off                ; Off                ;
; Ignore CASCADE Buffers                                       ; Off                ; Off                ;
; Ignore GLOBAL Buffers                                        ; Off                ; Off                ;
; Ignore ROW GLOBAL Buffers                                    ; Off                ; Off                ;
; Ignore LCELL Buffers                                         ; Off                ; Off                ;
; Ignore SOFT Buffers                                          ; On                 ; On                 ;
; Limit AHDL Integers to 32 Bits                               ; Off                ; Off                ;
; Optimization Technique                                       ; Balanced           ; Balanced           ;
; Carry Chain Length                                           ; 70                 ; 70                 ;
; Auto Carry Chains                                            ; On                 ; On                 ;
; Auto Open-Drain Pins                                         ; On                 ; On                 ;
; Perform WYSIWYG Primitive Resynthesis                        ; Off                ; Off                ;
; Auto ROM Replacement                                         ; On                 ; On                 ;
; Auto RAM Replacement                                         ; On                 ; On                 ;
; Auto DSP Block Replacement                                   ; On                 ; On                 ;
; Auto Shift Register Replacement                              ; Auto               ; Auto               ;
; Auto Clock Enable Replacement                                ; On                 ; On                 ;
; Strict RAM Replacement                                       ; Off                ; Off                ;
; Allow Synchronous Control Signals                            ; On                 ; On                 ;
; Force Use of Synchronous Clear Signals                       ; Off                ; Off                ;
; Auto RAM Block Balancing                                     ; On                 ; On                 ;
; Auto RAM to Logic Cell Conversion                            ; Off                ; Off                ;
; Auto Resource Sharing                                        ; Off                ; Off                ;
; Allow Any RAM Size For Recognition                           ; Off                ; Off                ;
; Allow Any ROM Size For Recognition                           ; Off                ; Off                ;
; Allow Any Shift Register Size For Recognition                ; Off                ; Off                ;
; Use LogicLock Constraints during Resource Balancing          ; On                 ; On                 ;
; Ignore translate_off and synthesis_off directives            ; Off                ; Off                ;
; Timing-Driven Synthesis                                      ; Off                ; Off                ;
; Show Parameter Settings Tables in Synthesis Report           ; On                 ; On                 ;
; Ignore Maximum Fan-Out Assignments                           ; Off                ; Off                ;
; Synchronization Register Chain Length                        ; 2                  ; 2                  ;
; PowerPlay Power Optimization                                 ; Normal compilation ; Normal compilation ;
; HDL message level                                            ; Level2             ; Level2             ;
; Suppress Register Optimization Related Messages              ; Off                ; Off                ;
; Number of Removed Registers Reported in Synthesis Report     ; 100                ; 100                ;
; Number of Inverted Registers Reported in Synthesis Report    ; 100                ; 100                ;
; Clock MUX Protection                                         ; On                 ; On                 ;
; Auto Gated Clock Conversion                                  ; Off                ; Off                ;
; Block Design Naming                                          ; Auto               ; Auto               ;
; SDC constraint protection                                    ; Off                ; Off                ;
; Synthesis Effort                                             ; Auto               ; Auto               ;
; Shift Register Replacement - Allow Asynchronous Clear Signal ; On                 ; On                 ;
; Analysis & Synthesis Message Level                           ; Medium             ; Medium             ;
+--------------------------------------------------------------+--------------------+--------------------+


+--------------------------------------------------------------------------------------------------------------------------------------------------------------+
; Analysis & Synthesis Source Files Read                                                                                                                       ;
+----------------------------------+-----------------+------------------------------------+--------------------------------------------------------------------+
; File Name with User-Entered Path ; Used in Netlist ; File Type                          ; File Name with Absolute Path                                       ;
+----------------------------------+-----------------+------------------------------------+--------------------------------------------------------------------+
; data_shida.vhd                   ; yes             ; User VHDL File                     ; D:/WorkSpace/FPGAworkspave/shiyan_7/data_shida.vhd                 ;
; CNT4B_S.vhd                      ; yes             ; User VHDL File                     ; D:/WorkSpace/FPGAworkspave/shiyan_7/CNT4B_S.vhd                    ;
; dot_ram.vhd                      ; yes             ; User Wizard-Generated File         ; D:/WorkSpace/FPGAworkspave/shiyan_7/dot_ram.vhd                    ;
; dot_buffer.bdf                   ; yes             ; User Block Diagram/Schematic File  ; D:/WorkSpace/FPGAworkspave/shiyan_7/dot_buffer.bdf                 ;
; DIANZHENDRIVER.bdf               ; yes             ; User Block Diagram/Schematic File  ; D:/WorkSpace/FPGAworkspave/shiyan_7/DIANZHENDRIVER.bdf             ;
; altsyncram.tdf                   ; yes             ; Megafunction                       ; c:/altera/90/quartus/libraries/megafunctions/altsyncram.tdf        ;
; stratix_ram_block.inc            ; yes             ; Megafunction                       ; c:/altera/90/quartus/libraries/megafunctions/stratix_ram_block.inc ;
; lpm_mux.inc                      ; yes             ; Megafunction                       ; c:/altera/90/quartus/libraries/megafunctions/lpm_mux.inc           ;
; lpm_decode.inc                   ; yes             ; Megafunction                       ; c:/altera/90/quartus/libraries/megafunctions/lpm_decode.inc        ;
; aglobal90.inc                    ; yes             ; Megafunction                       ; c:/altera/90/quartus/libraries/megafunctions/aglobal90.inc         ;
; a_rdenreg.inc                    ; yes             ; Megafunction                       ; c:/altera/90/quartus/libraries/megafunctions/a_rdenreg.inc         ;
; altrom.inc                       ; yes             ; Megafunction                       ; c:/altera/90/quartus/libraries/megafunctions/altrom.inc            ;
; altram.inc                       ; yes             ; Megafunction                       ; c:/altera/90/quartus/libraries/megafunctions/altram.inc            ;
; altdpram.inc                     ; yes             ; Megafunction                       ; c:/altera/90/quartus/libraries/megafunctions/altdpram.inc          ;
; altqpram.inc                     ; yes             ; Megafunction                       ; c:/altera/90/quartus/libraries/megafunctions/altqpram.inc          ;
; db/altsyncram_01n1.tdf           ; yes             ; Auto-Generated Megafunction        ; D:/WorkSpace/FPGAworkspave/shiyan_7/db/altsyncram_01n1.tdf         ;
+----------------------------------+-----------------+------------------------------------+--------------------------------------------------------------------+


+---------------------------------------------------------------------+
; Analysis & Synthesis Resource Usage Summary                         ;
+---------------------------------------------+-----------------------+
; Resource                                    ; Usage                 ;
+---------------------------------------------+-----------------------+
; Estimated Total logic elements              ; 171                   ;
;                                             ;                       ;
; Total combinational functions               ; 167                   ;
; Logic element usage by number of LUT inputs ;                       ;
;     -- 4 input functions                    ; 113                   ;
;     -- 3 input functions                    ; 19                    ;
;     -- <=2 input functions                  ; 35                    ;
;                                             ;                       ;
; Logic elements by mode                      ;                       ;
;     -- normal mode                          ; 140                   ;
;     -- arithmetic mode                      ; 27                    ;
;                                             ;                       ;
; Total registers                             ; 37                    ;
;     -- Dedicated logic registers            ; 37                    ;
;     -- I/O registers                        ; 0                     ;
;                                             ;                       ;
; I/O pins                                    ; 26                    ;
; Total memory bits                           ; 256                   ;
; Maximum fan-out node                        ; data_shida:inst1|Q[7] ;
; Maximum fan-out                             ; 81                    ;
; Total fan-out                               ; 870                   ;
; Average fan-out                             ; 3.20                  ;
+---------------------------------------------+-----------------------+


+---------------------------------------------------------------------------------------------------------------------------------------------------------------------------------------------------------------------------------------------------------------------------------------+
; Analysis & Synthesis Resource Utilization by Entity                                                                                                                                                                                                                                   ;
+----------------------------------------------+-------------------+--------------+-------------+--------------+---------+-----------+------+--------------+-------------------------------------------------------------------------------------------------------------+--------------+
; Compilation Hierarchy Node                   ; LC Combinationals ; LC Registers ; Memory Bits ; DSP Elements ; DSP 9x9 ; DSP 18x18 ; Pins ; Virtual Pins ; Full Hierarchy Name                                                                                         ; Library Name ;
+----------------------------------------------+-------------------+--------------+-------------+--------------+---------+-----------+------+--------------+-------------------------------------------------------------------------------------------------------------+--------------+
; |DIANZHENDRIVER                              ; 167 (1)           ; 37 (0)       ; 256         ; 0            ; 0       ; 0         ; 26   ; 0            ; |DIANZHENDRIVER                                                                                             ; work         ;
;    |data_shida:inst1|                        ; 162 (162)         ; 29 (29)      ; 0           ; 0            ; 0       ; 0         ; 0    ; 0            ; |DIANZHENDRIVER|data_shida:inst1                                                                            ; work         ;
;    |dot_buffer:inst|                         ; 4 (0)             ; 8 (0)        ; 256         ; 0            ; 0       ; 0         ; 0    ; 0            ; |DIANZHENDRIVER|dot_buffer:inst                                                                             ; work         ;
;       |CNT4B_S:inst1|                        ; 4 (4)             ; 8 (8)        ; 0           ; 0            ; 0       ; 0         ; 0    ; 0            ; |DIANZHENDRIVER|dot_buffer:inst|CNT4B_S:inst1                                                               ; work         ;
;       |dot_ram:inst|                         ; 0 (0)             ; 0 (0)        ; 256         ; 0            ; 0       ; 0         ; 0    ; 0            ; |DIANZHENDRIVER|dot_buffer:inst|dot_ram:inst                                                                ; work         ;
;          |altsyncram:altsyncram_component|   ; 0 (0)             ; 0 (0)        ; 256         ; 0            ; 0       ; 0         ; 0    ; 0            ; |DIANZHENDRIVER|dot_buffer:inst|dot_ram:inst|altsyncram:altsyncram_component                                ; work         ;
;             |altsyncram_01n1:auto_generated| ; 0 (0)             ; 0 (0)        ; 256         ; 0            ; 0       ; 0         ; 0    ; 0            ; |DIANZHENDRIVER|dot_buffer:inst|dot_ram:inst|altsyncram:altsyncram_component|altsyncram_01n1:auto_generated ; work         ;
+----------------------------------------------+-------------------+--------------+-------------+--------------+---------+-----------+------+--------------+-------------------------------------------------------------------------------------------------------------+--------------+
Note: For table entries with two numbers listed, the numbers in parentheses indicate the number of resources of the given type used by the specific entity alone. The numbers listed outside of parentheses indicate the total resources of the given type used by the specific entity and all of its sub-entities in the hierarchy.


+------------------------------------------------------------------------------------------------------------------------------------------------------------------------------------------------------------+
; Analysis & Synthesis RAM Summary                                                                                                                                                                           ;
+--------------------------------------------------------------------------------------------------------+------+------------------+--------------+--------------+--------------+--------------+------+------+
; Name                                                                                                   ; Type ; Mode             ; Port A Depth ; Port A Width ; Port B Depth ; Port B Width ; Size ; MIF  ;
+--------------------------------------------------------------------------------------------------------+------+------------------+--------------+--------------+--------------+--------------+------+------+
; dot_buffer:inst|dot_ram:inst|altsyncram:altsyncram_component|altsyncram_01n1:auto_generated|ALTSYNCRAM ; AUTO ; Simple Dual Port ; 16           ; 16           ; 16           ; 16           ; 256  ; None ;
+--------------------------------------------------------------------------------------------------------+------+------------------+--------------+--------------+--------------+--------------+------+------+


+-------------------------------------------------------------+
; Registers Removed During Synthesis                          ;
+----------------------------------------+--------------------+
; Register name                          ; Reason for Removal ;
+----------------------------------------+--------------------+
; data_shida:inst1|Q[29..40]             ; Lost fanout        ;
; Total Number of Removed Registers = 12 ;                    ;
+----------------------------------------+--------------------+


+------------------------------------------------------+
; General Register Statistics                          ;
+----------------------------------------------+-------+
; Statistic                                    ; Value ;
+----------------------------------------------+-------+
; Total registers                              ; 37    ;
; Number of registers using Synchronous Clear  ; 0     ;
; Number of registers using Synchronous Load   ; 0     ;
; Number of registers using Asynchronous Clear ; 0     ;
; Number of registers using Asynchronous Load  ; 0     ;
; Number of registers using Clock Enable       ; 0     ;
; Number of registers using Preset             ; 0     ;
+----------------------------------------------+-------+


+-------------------------------------------------------------------------------------------------------------------------------------------------------+
; Multiplexer Restructuring Statistics (Restructuring Performed)                                                                                        ;
+--------------------+-----------+---------------+----------------------+------------------------+------------+-----------------------------------------+
; Multiplexer Inputs ; Bus Width ; Baseline Area ; Area if Restructured ; Saving if Restructured ; Registered ; Example Multiplexer Output              ;
+--------------------+-----------+---------------+----------------------+------------------------+------------+-----------------------------------------+
; 7:1                ; 8 bits    ; 32 LEs        ; 32 LEs               ; 0 LEs                  ; No         ; |DIANZHENDRIVER|data_shida:inst1|Mux136 ;
; 8:1                ; 2 bits    ; 10 LEs        ; 10 LEs               ; 0 LEs                  ; No         ; |DIANZHENDRIVER|data_shida:inst1|Mux129 ;
+--------------------+-----------+---------------+----------------------+------------------------+------------+-----------------------------------------+


+--------------------------------------------------------------------------------------------------------------------+
; Source assignments for dot_buffer:inst|dot_ram:inst|altsyncram:altsyncram_component|altsyncram_01n1:auto_generated ;
+---------------------------------+--------------------+------+------------------------------------------------------+
; Assignment                      ; Value              ; From ; To                                                   ;
+---------------------------------+--------------------+------+------------------------------------------------------+
; OPTIMIZE_POWER_DURING_SYNTHESIS ; NORMAL_COMPILATION ; -    ; -                                                    ;
+---------------------------------+--------------------+------+------------------------------------------------------+


+-----------------------------------------------------------------------------------------------------------+
; Parameter Settings for User Entity Instance: dot_buffer:inst|dot_ram:inst|altsyncram:altsyncram_component ;
+------------------------------------+----------------------+-----------------------------------------------+
; Parameter Name                     ; Value                ; Type                                          ;
+------------------------------------+----------------------+-----------------------------------------------+
; BYTE_SIZE_BLOCK                    ; 8                    ; Untyped                                       ;
; AUTO_CARRY_CHAINS                  ; ON                   ; AUTO_CARRY                                    ;
; IGNORE_CARRY_BUFFERS               ; OFF                  ; IGNORE_CARRY                                  ;
; AUTO_CASCADE_CHAINS                ; ON                   ; AUTO_CASCADE                                  ;
; IGNORE_CASCADE_BUFFERS             ; OFF                  ; IGNORE_CASCADE                                ;
; WIDTH_BYTEENA                      ; 1                    ; Untyped                                       ;
; OPERATION_MODE                     ; DUAL_PORT            ; Untyped                                       ;
; WIDTH_A                            ; 16                   ; Signed Integer                                ;
; WIDTHAD_A                          ; 4                    ; Signed Integer                                ;
; NUMWORDS_A                         ; 16                   ; Signed Integer                                ;
; OUTDATA_REG_A                      ; UNREGISTERED         ; Untyped                                       ;
; ADDRESS_ACLR_A                     ; NONE                 ; Untyped                                       ;
; OUTDATA_ACLR_A                     ; NONE                 ; Untyped                                       ;
; WRCONTROL_ACLR_A                   ; NONE                 ; Untyped                                       ;
; INDATA_ACLR_A                      ; NONE                 ; Untyped                                       ;
; BYTEENA_ACLR_A                     ; NONE                 ; Untyped                                       ;
; WIDTH_B                            ; 16                   ; Signed Integer                                ;
; WIDTHAD_B                          ; 4                    ; Signed Integer                                ;
; NUMWORDS_B                         ; 16                   ; Signed Integer                                ;
; INDATA_REG_B                       ; CLOCK1               ; Untyped                                       ;
; WRCONTROL_WRADDRESS_REG_B          ; CLOCK1               ; Untyped                                       ;
; RDCONTROL_REG_B                    ; CLOCK1               ; Untyped                                       ;
; ADDRESS_REG_B                      ; CLOCK1               ; Untyped                                       ;
; OUTDATA_REG_B                      ; UNREGISTERED         ; Untyped                                       ;
; BYTEENA_REG_B                      ; CLOCK1               ; Untyped                                       ;
; INDATA_ACLR_B                      ; NONE                 ; Untyped                                       ;
; WRCONTROL_ACLR_B                   ; NONE                 ; Untyped                                       ;
; ADDRESS_ACLR_B                     ; NONE                 ; Untyped                                       ;
; OUTDATA_ACLR_B                     ; NONE                 ; Untyped                                       ;
; RDCONTROL_ACLR_B                   ; NONE                 ; Untyped                                       ;
; BYTEENA_ACLR_B                     ; NONE                 ; Untyped                                       ;
; WIDTH_BYTEENA_A                    ; 1                    ; Signed Integer                                ;
; WIDTH_BYTEENA_B                    ; 1                    ; Untyped                                       ;
; RAM_BLOCK_TYPE                     ; AUTO                 ; Untyped                                       ;
; BYTE_SIZE                          ; 8                    ; Untyped                                       ;
; READ_DURING_WRITE_MODE_MIXED_PORTS ; DONT_CARE            ; Untyped                                       ;
; READ_DURING_WRITE_MODE_PORT_A      ; NEW_DATA_NO_NBE_READ ; Untyped                                       ;
; READ_DURING_WRITE_MODE_PORT_B      ; NEW_DATA_NO_NBE_READ ; Untyped                                       ;
; INIT_FILE                          ; UNUSED               ; Untyped                                       ;
; INIT_FILE_LAYOUT                   ; PORT_A               ; Untyped                                       ;
; MAXIMUM_DEPTH                      ; 0                    ; Untyped                                       ;
; CLOCK_ENABLE_INPUT_A               ; BYPASS               ; Untyped                                       ;
; CLOCK_ENABLE_INPUT_B               ; BYPASS               ; Untyped                                       ;
; CLOCK_ENABLE_OUTPUT_A              ; NORMAL               ; Untyped                                       ;
; CLOCK_ENABLE_OUTPUT_B              ; BYPASS               ; Untyped                                       ;
; CLOCK_ENABLE_CORE_A                ; USE_INPUT_CLKEN      ; Untyped                                       ;
; CLOCK_ENABLE_CORE_B                ; USE_INPUT_CLKEN      ; Untyped                                       ;
; ENABLE_ECC                         ; FALSE                ; Untyped                                       ;
; DEVICE_FAMILY                      ; Cyclone III          ; Untyped                                       ;
; CBXI_PARAMETER                     ; altsyncram_01n1      ; Untyped                                       ;
+------------------------------------+----------------------+-----------------------------------------------+
Note: In order to hide this table in the UI and the text report file, please set the "Show Parameter Settings Tables in Synthesis Report" option in "Analysis and Synthesis Settings -> More Settings" to "Off".


+----------------------------------------------------------------------------------------------------------+
; altsyncram Parameter Settings by Entity Instance                                                         ;
+-------------------------------------------+--------------------------------------------------------------+
; Name                                      ; Value                                                        ;
+-------------------------------------------+--------------------------------------------------------------+
; Number of entity instances                ; 1                                                            ;
; Entity Instance                           ; dot_buffer:inst|dot_ram:inst|altsyncram:altsyncram_component ;
;     -- OPERATION_MODE                     ; DUAL_PORT                                                    ;
;     -- WIDTH_A                            ; 16                                                           ;
;     -- NUMWORDS_A                         ; 16                                                           ;
;     -- OUTDATA_REG_A                      ; UNREGISTERED                                                 ;
;     -- WIDTH_B                            ; 16                                                           ;
;     -- NUMWORDS_B                         ; 16                                                           ;
;     -- ADDRESS_REG_B                      ; CLOCK1                                                       ;
;     -- OUTDATA_REG_B                      ; UNREGISTERED                                                 ;
;     -- RAM_BLOCK_TYPE                     ; AUTO                                                         ;
;     -- READ_DURING_WRITE_MODE_MIXED_PORTS ; DONT_CARE                                                    ;
+-------------------------------------------+--------------------------------------------------------------+


+-------------------------------+
; Analysis & Synthesis Messages ;
+-------------------------------+
Info: *******************************************************************
Info: Running Quartus II Analysis & Synthesis
    Info: Version 9.0 Build 235 06/17/2009 Service Pack 2 SJ Full Version
    Info: Processing started: Wed Nov 23 19:02:58 2016
Info: Command: quartus_map --read_settings_files=on --write_settings_files=off DIANZHEN -c DIANZHEN
Info: Found 2 design units, including 1 entities, in source file data_shida.vhd
    Info: Found design unit 1: data_shida-a
    Info: Found entity 1: data_shida
Info: Found 2 design units, including 1 entities, in source file CNT4B_S.vhd
    Info: Found design unit 1: CNT4B_S-behav
    Info: Found entity 1: CNT4B_S
Info: Found 2 design units, including 1 entities, in source file dot_ram.vhd
    Info: Found design unit 1: dot_ram-SYN
    Info: Found entity 1: dot_ram
Info: Found 1 design units, including 1 entities, in source file dot_buffer.bdf
    Info: Found entity 1: dot_buffer
Info: Found 1 design units, including 1 entities, in source file DIANZHENDRIVER.bdf
    Info: Found entity 1: DIANZHENDRIVER
Info: Elaborating entity "DIANZHENDRIVER" for the top level hierarchy
Info: Elaborating entity "dot_buffer" for hierarchy "dot_buffer:inst"
Info: Elaborating entity "CNT4B_S" for hierarchy "dot_buffer:inst|CNT4B_S:inst1"
Warning (10492): VHDL Process Statement warning at CNT4B_S.vhd(18): signal "CQI" is read inside the Process Statement but isn't in the Process Statement's sensitivity list
Info: Elaborating entity "dot_ram" for hierarchy "dot_buffer:inst|dot_ram:inst"
Info: Elaborating entity "altsyncram" for hierarchy "dot_buffer:inst|dot_ram:inst|altsyncram:altsyncram_component"
Info: Elaborated megafunction instantiation "dot_buffer:inst|dot_ram:inst|altsyncram:altsyncram_component"
Info: Instantiated megafunction "dot_buffer:inst|dot_ram:inst|altsyncram:altsyncram_component" with the following parameter:
    Info: Parameter "address_aclr_b" = "NONE"
    Info: Parameter "address_reg_b" = "CLOCK1"
    Info: Parameter "clock_enable_input_a" = "BYPASS"
    Info: Parameter "clock_enable_input_b" = "BYPASS"
    Info: Parameter "clock_enable_output_b" = "BYPASS"
    Info: Parameter "intended_device_family" = "Cyclone III"
    Info: Parameter "lpm_type" = "altsyncram"
    Info: Parameter "numwords_a" = "16"
    Info: Parameter "numwords_b" = "16"
    Info: Parameter "operation_mode" = "DUAL_PORT"
    Info: Parameter "outdata_aclr_b" = "NONE"
    Info: Parameter "outdata_reg_b" = "UNREGISTERED"
    Info: Parameter "power_up_uninitialized" = "FALSE"
    Info: Parameter "rdcontrol_reg_b" = "CLOCK1"
    Info: Parameter "widthad_a" = "4"
    Info: Parameter "widthad_b" = "4"
    Info: Parameter "width_a" = "16"
    Info: Parameter "width_b" = "16"
    Info: Parameter "width_byteena_a" = "1"
Info: Found 1 design units, including 1 entities, in source file db/altsyncram_01n1.tdf
    Info: Found entity 1: altsyncram_01n1
Info: Elaborating entity "altsyncram_01n1" for hierarchy "dot_buffer:inst|dot_ram:inst|altsyncram:altsyncram_component|altsyncram_01n1:auto_generated"
Info: Elaborating entity "data_shida" for hierarchy "data_shida:inst1"
Warning: Output pins are stuck at VCC or GND
    Warning (13410): Pin "M[3]" is stuck at GND
    Warning (13410): Pin "M[2]" is stuck at VCC
    Warning (13410): Pin "M[1]" is stuck at VCC
    Warning (13410): Pin "M[0]" is stuck at GND
Info: 12 registers lost all their fanouts during netlist optimizations. The first 12 are displayed below.
    Info: Register "data_shida:inst1|Q[29]" lost all its fanouts during netlist optimizations.
    Info: Register "data_shida:inst1|Q[30]" lost all its fanouts during netlist optimizations.
    Info: Register "data_shida:inst1|Q[31]" lost all its fanouts during netlist optimizations.
    Info: Register "data_shida:inst1|Q[32]" lost all its fanouts during netlist optimizations.
    Info: Register "data_shida:inst1|Q[33]" lost all its fanouts during netlist optimizations.
    Info: Register "data_shida:inst1|Q[34]" lost all its fanouts during netlist optimizations.
    Info: Register "data_shida:inst1|Q[35]" lost all its fanouts during netlist optimizations.
    Info: Register "data_shida:inst1|Q[36]" lost all its fanouts during netlist optimizations.
    Info: Register "data_shida:inst1|Q[37]" lost all its fanouts during netlist optimizations.
    Info: Register "data_shida:inst1|Q[38]" lost all its fanouts during netlist optimizations.
    Info: Register "data_shida:inst1|Q[39]" lost all its fanouts during netlist optimizations.
    Info: Register "data_shida:inst1|Q[40]" lost all its fanouts during netlist optimizations.
Warning: Ignored assignments for entity "DIANZHEN" -- entity does not exist in design
    Warning: Assignment of entity set_global_assignment -name LL_ROOT_REGION ON -entity DIANZHEN -section_id "Root Region" is ignored
    Warning: Assignment of entity set_global_assignment -name LL_MEMBER_STATE LOCKED -entity DIANZHEN -section_id "Root Region" is ignored
Info: Implemented 213 device resources after synthesis - the final resource count might be different
    Info: Implemented 2 input pins
    Info: Implemented 24 output pins
    Info: Implemented 171 logic cells
    Info: Implemented 16 RAM segments
Info: Quartus II Analysis & Synthesis was successful. 0 errors, 9 warnings
    Info: Peak virtual memory: 240 megabytes
    Info: Processing ended: Wed Nov 23 19:03:01 2016
    Info: Elapsed time: 00:00:03
    Info: Total CPU time (on all processors): 00:00:03


