Flow report for WashingMachine
Sat Nov 26 17:32:22 2016
Quartus II Version 9.0 Build 235 06/17/2009 Service Pack 2 SJ Full Version


---------------------
; Table of Contents ;
---------------------
  1. Legal Notice
  2. Flow Summary
  3. Flow Settings
  4. Flow Non-Default Global Settings
  5. Flow Elapsed Time
  6. Flow OS Summary
  7. Flow Log



----------------
; Legal Notice ;
----------------
Copyright (C) 1991-2009 Altera Corporation
Your use of Altera Corporation's design tools, logic functions 
and other software and tools, and its AMPP partner logic 
functions, and any output files from any of the foregoing 
(including device programming or simulation files), and any 
associated documentation or information are expressly subject 
to the terms and conditions of the Altera Program License 
Subscription Agreement, Altera MegaCore Function License 
Agreement, or other applicable license agreement, including, 
without limitation, that your use is for the sole purpose of 
programming logic devices manufactured by Altera and sold by 
Altera or its authorized distributors.  Please refer to the 
applicable agreement for further details.



+------------------------------------------------------------------------------------+
; Flow Summary                                                                       ;
+------------------------------------+-----------------------------------------------+
; Flow Status                        ; Successful - Sat Nov 26 17:32:18 2016         ;
; Quartus II Version                 ; 9.0 Build 235 06/17/2009 SP 2 SJ Full Version ;
; Revision Name                      ; WashingMachine                                ;
; Top-level Entity Name              ; top                                           ;
; Family                             ; Cyclone III                                   ;
; Device                             ; EP3C25F324C8                                  ;
; Timing Models                      ; Final                                         ;
; Met timing requirements            ; N/A                                           ;
; Total logic elements               ; 461 / 24,624 ( 2 % )                          ;
;     Total combinational functions  ; 457 / 24,624 ( 2 % )                          ;
;     Dedicated logic registers      ; 61 / 24,624 ( < 1 % )                         ;
; Total registers                    ; 61                                            ;
; Total pins                         ; 43 / 216 ( 20 % )                             ;
; Total virtual pins                 ; 0                                             ;
; Total memory bits                  ; 0 / 608,256 ( 0 % )                           ;
; Embedded Multiplier 9-bit elements ; 0 / 132 ( 0 % )                               ;
; Total PLLs                         ; 0 / 4 ( 0 % )                                 ;
+------------------------------------+-----------------------------------------------+


+-----------------------------------------+
; Flow Settings                           ;
+-------------------+---------------------+
; Option            ; Setting             ;
+-------------------+---------------------+
; Start date & time ; 11/26/2016 17:32:01 ;
; Main task         ; Compilation         ;
; Revision Name     ; WashingMachine      ;
+-------------------+---------------------+


+--------------------------------------------------------------------------------------------------------------------+
; Flow Non-Default Global Settings                                                                                   ;
+------------------------------------+-------------------------------+----------------+-------------+----------------+
; Assignment Name                    ; Value                         ; Default Value  ; Entity Name ; Section Id     ;
+------------------------------------+-------------------------------+----------------+-------------+----------------+
; COMPILER_SIGNATURE_ID              ; 1096874744053.148015272105768 ; --             ; --          ; --             ;
; MAX_CORE_JUNCTION_TEMP             ; 85                            ; --             ; --          ; --             ;
; MIN_CORE_JUNCTION_TEMP             ; 0                             ; --             ; --          ; --             ;
; NOMINAL_CORE_SUPPLY_VOLTAGE        ; 1.2V                          ; --             ; --          ; --             ;
; PARTITION_COLOR                    ; 16764057                      ; --             ; top         ; Top            ;
; PARTITION_NETLIST_TYPE             ; SOURCE                        ; --             ; top         ; Top            ;
; TOP_LEVEL_ENTITY                   ; top                           ; WashingMachine ; --          ; --             ;
; USE_GENERATED_PHYSICAL_CONSTRAINTS ; Off                           ; --             ; --          ; eda_blast_fpga ;
+------------------------------------+-------------------------------+----------------+-------------+----------------+


+-------------------------------------------------------------------------------------------------------------------------------+
; Flow Elapsed Time                                                                                                             ;
+---------------------------+--------------+-------------------------+---------------------+------------------------------------+
; Module Name               ; Elapsed Time ; Average Processors Used ; Peak Virtual Memory ; Total CPU Time (on all processors) ;
+---------------------------+--------------+-------------------------+---------------------+------------------------------------+
; Analysis & Synthesis      ; 00:00:03     ; 1.0                     ; 220 MB              ; 00:00:03                           ;
; Fitter                    ; 00:00:09     ; 1.0                     ; 301 MB              ; 00:00:09                           ;
; Assembler                 ; 00:00:03     ; 1.0                     ; 215 MB              ; 00:00:02                           ;
; TimeQuest Timing Analyzer ; 00:00:04     ; 1.0                     ; 241 MB              ; 00:00:03                           ;
; Total                     ; 00:00:19     ; --                      ; --                  ; 00:00:17                           ;
+---------------------------+--------------+-------------------------+---------------------+------------------------------------+


+--------------------------------------------------------------------------------------------+
; Flow OS Summary                                                                            ;
+---------------------------+------------------+---------------+------------+----------------+
; Module Name               ; Machine Hostname ; OS Name       ; OS Version ; Processor type ;
+---------------------------+------------------+---------------+------------+----------------+
; Analysis & Synthesis      ; DOUBLE-PC        ; Windows Vista ; 6.1        ; i686           ;
; Fitter                    ; DOUBLE-PC        ; Windows Vista ; 6.1        ; i686           ;
; Assembler                 ; DOUBLE-PC        ; Windows Vista ; 6.1        ; i686           ;
; TimeQuest Timing Analyzer ; DOUBLE-PC        ; Windows Vista ; 6.1        ; i686           ;
+---------------------------+------------------+---------------+------------+----------------+


------------
; Flow Log ;
------------
quartus_map --read_settings_files=on --write_settings_files=off WashingMachine -c WashingMachine
quartus_fit --read_settings_files=off --write_settings_files=off WashingMachine -c WashingMachine
quartus_asm --read_settings_files=off --write_settings_files=off WashingMachine -c WashingMachine
quartus_sta WashingMachine -c WashingMachine



