Flow report for shiyan_1
Tue Oct 11 13:52:24 2016
Quartus II Version 9.0 Build 235 06/17/2009 Service Pack 2 SJ Full Version


---------------------
; Table of Contents ;
---------------------
  1. Legal Notice
  2. Flow Summary
  3. Flow Settings
  4. Flow Non-Default Global Settings
  5. Flow Elapsed Time
  6. Flow OS Summary
  7. Flow Log



----------------
; Legal Notice ;
----------------
Copyright (C) 1991-2009 Altera Corporation
Your use of Altera Corporation's design tools, logic functions 
and other software and tools, and its AMPP partner logic 
functions, and any output files from any of the foregoing 
(including device programming or simulation files), and any 
associated documentation or information are expressly subject 
to the terms and conditions of the Altera Program License 
Subscription Agreement, Altera MegaCore Function License 
Agreement, or other applicable license agreement, including, 
without limitation, that your use is for the sole purpose of 
programming logic devices manufactured by Altera and sold by 
Altera or its authorized distributors.  Please refer to the 
applicable agreement for further details.



+------------------------------------------------------------------------------------+
; Flow Summary                                                                       ;
+------------------------------------+-----------------------------------------------+
; Flow Status                        ; Successful - Tue Oct 11 13:52:21 2016         ;
; Quartus II Version                 ; 9.0 Build 235 06/17/2009 SP 2 SJ Full Version ;
; Revision Name                      ; shiyan_1                                      ;
; Top-level Entity Name              ; shiyan_1                                      ;
; Family                             ; Cyclone III                                   ;
; Device                             ; EP3C25F324C8                                  ;
; Timing Models                      ; Final                                         ;
; Met timing requirements            ; N/A                                           ;
; Total logic elements               ; 4 / 24,624 ( < 1 % )                          ;
;     Total combinational functions  ; 4 / 24,624 ( < 1 % )                          ;
;     Dedicated logic registers      ; 0 / 24,624 ( 0 % )                            ;
; Total registers                    ; 0                                             ;
; Total pins                         ; 10 / 216 ( 5 % )                              ;
; Total virtual pins                 ; 0                                             ;
; Total memory bits                  ; 0 / 608,256 ( 0 % )                           ;
; Embedded Multiplier 9-bit elements ; 0 / 132 ( 0 % )                               ;
; Total PLLs                         ; 0 / 4 ( 0 % )                                 ;
+------------------------------------+-----------------------------------------------+


+-----------------------------------------+
; Flow Settings                           ;
+-------------------+---------------------+
; Option            ; Setting             ;
+-------------------+---------------------+
; Start date & time ; 10/11/2016 13:52:09 ;
; Main task         ; Compilation         ;
; Revision Name     ; shiyan_1            ;
+-------------------+---------------------+


+----------------------------------------------------------------------------------------------------------------------------+
; Flow Non-Default Global Settings                                                                                           ;
+------------------------------------+----------------------------------------+---------------+-------------+----------------+
; Assignment Name                    ; Value                                  ; Default Value ; Entity Name ; Section Id     ;
+------------------------------------+----------------------------------------+---------------+-------------+----------------+
; COMPILER_SIGNATURE_ID              ; 58165364617435.147616512907016         ; --            ; --          ; --             ;
; MAX_CORE_JUNCTION_TEMP             ; 85                                     ; --            ; --          ; --             ;
; MIN_CORE_JUNCTION_TEMP             ; 0                                      ; --            ; --          ; --             ;
; MISC_FILE                          ; D:/FPGAworkspave/shiyan_1/shiyan_1.dpf ; --            ; --          ; --             ;
; NOMINAL_CORE_SUPPLY_VOLTAGE        ; 1.2V                                   ; --            ; --          ; --             ;
; PARTITION_COLOR                    ; 16764057                               ; --            ; --          ; Top            ;
; PARTITION_NETLIST_TYPE             ; SOURCE                                 ; --            ; --          ; Top            ;
; USE_GENERATED_PHYSICAL_CONSTRAINTS ; Off                                    ; --            ; --          ; eda_blast_fpga ;
+------------------------------------+----------------------------------------+---------------+-------------+----------------+


+-------------------------------------------------------------------------------------------------------------------------------+
; Flow Elapsed Time                                                                                                             ;
+---------------------------+--------------+-------------------------+---------------------+------------------------------------+
; Module Name               ; Elapsed Time ; Average Processors Used ; Peak Virtual Memory ; Total CPU Time (on all processors) ;
+---------------------------+--------------+-------------------------+---------------------+------------------------------------+
; Analysis & Synthesis      ; 00:00:01     ; 1.0                     ; 206 MB              ; 00:00:00                           ;
; Fitter                    ; 00:00:07     ; 1.0                     ; 311 MB              ; 00:00:05                           ;
; Assembler                 ; 00:00:02     ; 1.0                     ; 227 MB              ; 00:00:02                           ;
; TimeQuest Timing Analyzer ; 00:00:02     ; 1.0                     ; 252 MB              ; 00:00:02                           ;
; Total                     ; 00:00:12     ; --                      ; --                  ; 00:00:09                           ;
+---------------------------+--------------+-------------------------+---------------------+------------------------------------+


+--------------------------------------------------------------------------------------------+
; Flow OS Summary                                                                            ;
+---------------------------+------------------+---------------+------------+----------------+
; Module Name               ; Machine Hostname ; OS Name       ; OS Version ; Processor type ;
+---------------------------+------------------+---------------+------------+----------------+
; Analysis & Synthesis      ; huabaobao-PC     ; Windows Vista ; 6.1        ; x86_64         ;
; Fitter                    ; huabaobao-PC     ; Windows Vista ; 6.1        ; x86_64         ;
; Assembler                 ; huabaobao-PC     ; Windows Vista ; 6.1        ; x86_64         ;
; TimeQuest Timing Analyzer ; huabaobao-PC     ; Windows Vista ; 6.1        ; x86_64         ;
+---------------------------+------------------+---------------+------------+----------------+


------------
; Flow Log ;
------------
quartus_map --read_settings_files=on --write_settings_files=off shiyan_1 -c shiyan_1
quartus_fit --read_settings_files=off --write_settings_files=off shiyan_1 -c shiyan_1
quartus_asm --read_settings_files=off --write_settings_files=off shiyan_1 -c shiyan_1
quartus_sta shiyan_1 -c shiyan_1



